<?xml version="1.0" encoding="UTF-8"?>
<testng-results skipped="0" failed="0" ignored="0" total="1" passed="1">
  <reporter-output>
    <line>
      <![CDATA[Prueba finalizada satisfactoriamente]]>
    </line>
  </reporter-output>
  <suite name="Default suite" duration-ms="18925" started-at="2022-12-01T15:33:26 CLST" finished-at="2022-12-01T15:33:45 CLST">
    <groups>
    </groups>
    <test name="Default test" duration-ms="18925" started-at="2022-12-01T15:33:26 CLST" finished-at="2022-12-01T15:33:45 CLST">
      <class name="cl.local.test.LoginOKMantis">
        <test-method status="PASS" signature="IniReport()[pri:0, instance:cl.local.test.LoginOKMantis@70beb599]" name="IniReport" is-config="true" duration-ms="154" started-at="2022-12-01T15:33:25 CLST" finished-at="2022-12-01T15:33:26 CLST">
          <reporter-output>
          </reporter-output>
        </test-method> <!-- IniReport -->
        <test-method status="PASS" signature="setUp()[pri:0, instance:cl.local.test.LoginOKMantis@70beb599]" name="setUp" is-config="true" duration-ms="8070" started-at="2022-12-01T15:33:27 CLST" finished-at="2022-12-01T15:33:36 CLST">
          <reporter-output>
          </reporter-output>
        </test-method> <!-- setUp -->
        <test-method status="PASS" signature="loginOK(java.lang.String,java.lang.String)[pri:0, instance:cl.local.test.LoginOKMantis@70beb599]" name="loginOK" duration-ms="7802" started-at="2022-12-01T15:33:36 CLST" data-provider="credenciales" finished-at="2022-12-01T15:33:43 CLST">
          <params>
            <param index="0">
              <value>
                <![CDATA[cnavarrp]]>
              </value>
            </param>
            <param index="1">
              <value>
                <![CDATA[Metalero]]>
              </value>
            </param>
          </params>
          <reporter-output>
            <line>
              <![CDATA[Prueba finalizada satisfactoriamente]]>
            </line>
          </reporter-output>
        </test-method> <!-- loginOK -->
        <test-method status="PASS" signature="tearDown()[pri:0, instance:cl.local.test.LoginOKMantis@70beb599]" name="tearDown" is-config="true" duration-ms="1174" started-at="2022-12-01T15:33:43 CLST" finished-at="2022-12-01T15:33:45 CLST">
          <reporter-output>
          </reporter-output>
        </test-method> <!-- tearDown -->
        <test-method status="PASS" signature="endReport()[pri:0, instance:cl.local.test.LoginOKMantis@70beb599]" name="endReport" is-config="true" duration-ms="3" started-at="2022-12-01T15:33:45 CLST" finished-at="2022-12-01T15:33:45 CLST">
          <reporter-output>
          </reporter-output>
        </test-method> <!-- endReport -->
      </class> <!-- cl.local.test.LoginOKMantis -->
    </test> <!-- Default test -->
  </suite> <!-- Default suite -->
</testng-results>
