<?xml version="1.0" encoding="UTF-8"?>
<testng-results ignored="0" total="2" passed="2" failed="0" skipped="0">
  <reporter-output>
  </reporter-output>
  <suite started-at="2023-01-14T21:10:48 CLST" name="Default suite" finished-at="2023-01-14T21:11:06 CLST" duration-ms="18258">
    <groups>
    </groups>
    <test started-at="2023-01-14T21:10:48 CLST" name="Default test" finished-at="2023-01-14T21:11:06 CLST" duration-ms="18258">
      <class name="cl.local.test.LoginOKMantis">
        <test-method is-config="true" signature="IniReport()[pri:0, instance:cl.local.test.LoginOKMantis@7b02881e]" started-at="2023-01-14T21:10:48 CLST" name="IniReport" finished-at="2023-01-14T21:10:48 CLST" duration-ms="90" status="PASS">
          <reporter-output>
          </reporter-output>
        </test-method> <!-- IniReport -->
        <test-method is-config="true" signature="setUp()[pri:0, instance:cl.local.test.LoginOKMantis@7b02881e]" started-at="2023-01-14T21:10:49 CLST" name="setUp" finished-at="2023-01-14T21:10:51 CLST" duration-ms="1538" status="PASS">
          <reporter-output>
          </reporter-output>
        </test-method> <!-- setUp -->
        <test-method signature="loginOKMantis(java.util.Hashtable)[pri:0, instance:cl.local.test.LoginOKMantis@7b02881e]" started-at="2023-01-14T21:10:51 CLST" name="loginOKMantis" data-provider="dp" finished-at="2023-01-14T21:10:57 CLST" duration-ms="6379" status="PASS">
          <params>
            <param index="0">
              <value>
                <![CDATA[{Usuario=cnavarrp, Contraseña=Metalero}]]>
              </value>
            </param>
          </params>
          <reporter-output>
          </reporter-output>
        </test-method> <!-- loginOKMantis -->
        <test-method is-config="true" signature="tearDown()[pri:0, instance:cl.local.test.LoginOKMantis@7b02881e]" started-at="2023-01-14T21:10:57 CLST" name="tearDown" finished-at="2023-01-14T21:10:58 CLST" duration-ms="1224" status="PASS">
          <reporter-output>
          </reporter-output>
        </test-method> <!-- tearDown -->
        <test-method is-config="true" signature="setUp()[pri:0, instance:cl.local.test.LoginOKMantis@7b02881e]" started-at="2023-01-14T21:10:58 CLST" name="setUp" finished-at="2023-01-14T21:10:59 CLST" duration-ms="704" status="PASS">
          <reporter-output>
          </reporter-output>
        </test-method> <!-- setUp -->
        <test-method signature="loginOKMantis(java.util.Hashtable)[pri:0, instance:cl.local.test.LoginOKMantis@7b02881e]" started-at="2023-01-14T21:10:59 CLST" name="loginOKMantis" data-provider="dp" finished-at="2023-01-14T21:11:05 CLST" duration-ms="6429" status="PASS">
          <params>
            <param index="0">
              <value>
                <![CDATA[{Usuario=Prueba, Contraseña=Prueba}]]>
              </value>
            </param>
          </params>
          <reporter-output>
          </reporter-output>
        </test-method> <!-- loginOKMantis -->
        <test-method is-config="true" signature="tearDown()[pri:0, instance:cl.local.test.LoginOKMantis@7b02881e]" started-at="2023-01-14T21:11:05 CLST" name="tearDown" finished-at="2023-01-14T21:11:06 CLST" duration-ms="1173" status="PASS">
          <reporter-output>
          </reporter-output>
        </test-method> <!-- tearDown -->
        <test-method is-config="true" signature="endReport()[pri:0, instance:cl.local.test.LoginOKMantis@7b02881e]" started-at="2023-01-14T21:11:07 CLST" name="endReport" finished-at="2023-01-14T21:11:07 CLST" duration-ms="2" status="PASS">
          <reporter-output>
          </reporter-output>
        </test-method> <!-- endReport -->
      </class> <!-- cl.local.test.LoginOKMantis -->
    </test> <!-- Default test -->
  </suite> <!-- Default suite -->
</testng-results>
