<?xml version="1.0" encoding="UTF-8"?>
<testng-results skipped="0" failed="0" ignored="0" total="3" passed="3">
  <reporter-output>
  </reporter-output>
  <suite name="Default suite" duration-ms="60861" started-at="2022-12-13T20:01:47 CLST" finished-at="2022-12-13T20:02:48 CLST">
    <groups>
      <group name="cucumber">
        <method signature="AbstractTestNGCucumberTests.runScenario(io.cucumber.testng.PickleWrapper,io.cucumber.testng.FeatureWrapper)[pri:0, instance:runner.RunCuke@5f71c76a]" name="runScenario" class="io.cucumber.testng.AbstractTestNGCucumberTests"/>
      </group> <!-- cucumber -->
    </groups>
    <test name="Default test" duration-ms="60861" started-at="2022-12-13T20:01:47 CLST" finished-at="2022-12-13T20:02:48 CLST">
      <class name="runner.RunCuke">
        <test-method status="PASS" signature="setUpClass(org.testng.ITestContext)[pri:0, instance:runner.RunCuke@5f71c76a]" name="setUpClass" is-config="true" duration-ms="1396" started-at="2022-12-13T20:01:47 CLST" finished-at="2022-12-13T20:01:48 CLST">
          <params>
            <param index="0">
              <value>
                <![CDATA[org.testng.TestRunner@6a1d526c]]>
              </value>
            </param>
          </params>
          <reporter-output>
          </reporter-output>
        </test-method> <!-- setUpClass -->
        <test-method status="PASS" signature="runScenario(io.cucumber.testng.PickleWrapper,io.cucumber.testng.FeatureWrapper)[pri:0, instance:runner.RunCuke@5f71c76a]" name="runScenario" duration-ms="36224" started-at="2022-12-13T20:01:48 CLST" description="Runs Cucumber Scenarios" data-provider="scenarios" finished-at="2022-12-13T20:02:24 CLST">
          <params>
            <param index="0">
              <value>
                <![CDATA["Buscar incidencia por ID"]]>
              </value>
            </param>
            <param index="1">
              <value>
                <![CDATA["Buscar una incidencia"]]>
              </value>
            </param>
          </params>
          <reporter-output>
          </reporter-output>
        </test-method> <!-- runScenario -->
        <test-method status="PASS" signature="runScenario(io.cucumber.testng.PickleWrapper,io.cucumber.testng.FeatureWrapper)[pri:0, instance:runner.RunCuke@5f71c76a]" name="runScenario" duration-ms="12921" started-at="2022-12-13T20:02:24 CLST" description="Runs Cucumber Scenarios" data-provider="scenarios" finished-at="2022-12-13T20:02:37 CLST">
          <params>
            <param index="0">
              <value>
                <![CDATA["Login correcto en mantis"]]>
              </value>
            </param>
            <param index="1">
              <value>
                <![CDATA["Ingreso a la APP Mantis"]]>
              </value>
            </param>
          </params>
          <reporter-output>
          </reporter-output>
        </test-method> <!-- runScenario -->
        <test-method status="PASS" signature="runScenario(io.cucumber.testng.PickleWrapper,io.cucumber.testng.FeatureWrapper)[pri:0, instance:runner.RunCuke@5f71c76a]" name="runScenario" duration-ms="9696" started-at="2022-12-13T20:02:37 CLST" description="Runs Cucumber Scenarios" data-provider="scenarios" finished-at="2022-12-13T20:02:47 CLST">
          <params>
            <param index="0">
              <value>
                <![CDATA["No ingresar un usuario y presionar submit"]]>
              </value>
            </param>
            <param index="1">
              <value>
                <![CDATA["Ingreso a la APP Mantis"]]>
              </value>
            </param>
          </params>
          <reporter-output>
          </reporter-output>
        </test-method> <!-- runScenario -->
        <test-method status="PASS" signature="setUP()[pri:0, instance:runner.RunCuke@5f71c76a]" name="setUP" is-config="true" duration-ms="1" started-at="2022-12-13T20:02:47 CLST" finished-at="2022-12-13T20:02:47 CLST">
          <reporter-output>
          </reporter-output>
        </test-method> <!-- setUP -->
        <test-method status="PASS" signature="tearDownClass()[pri:0, instance:runner.RunCuke@5f71c76a]" name="tearDownClass" is-config="true" duration-ms="570" started-at="2022-12-13T20:02:47 CLST" finished-at="2022-12-13T20:02:48 CLST">
          <reporter-output>
          </reporter-output>
        </test-method> <!-- tearDownClass -->
      </class> <!-- runner.RunCuke -->
    </test> <!-- Default test -->
  </suite> <!-- Default suite -->
</testng-results>
